[2025-10-24 11:31:19] INFO  o.h.validator.internal.util.Version - HV000001: Hibernate Validator 8.0.1.Final
[2025-10-24 11:31:19] INFO  c.c.CourseServiceApplication - Starting CourseServiceApplication using Java 19.0.2 with PID 10912 (C:\Users\Public\SpringBoot\course-service\target\classes started by 91870 in C:\Users\Public\SpringBoot\course-service)
[2025-10-24 11:31:19] INFO  c.c.CourseServiceApplication - No active profile set, falling back to 1 default profile: "default"
[2025-10-24 11:31:21] INFO  o.s.d.r.c.RepositoryConfigurationDelegate - Bootstrapping Spring Data JPA repositories in DEFAULT mode.
[2025-10-24 11:31:21] INFO  o.s.d.r.c.RepositoryConfigurationDelegate - Finished Spring Data repository scanning in 54 ms. Found 1 JPA repository interface.
[2025-10-24 11:31:22] INFO  o.s.b.w.e.tomcat.TomcatWebServer - Tomcat initialized with port 8082 (http)
[2025-10-24 11:31:22] INFO  o.a.coyote.http11.Http11NioProtocol - Initializing ProtocolHandler ["http-nio-8082"]
[2025-10-24 11:31:22] INFO  o.a.catalina.core.StandardService - Starting service [Tomcat]
[2025-10-24 11:31:22] INFO  o.a.catalina.core.StandardEngine - Starting Servlet engine: [Apache Tomcat/10.1.25]
[2025-10-24 11:31:22] INFO  o.a.c.c.C.[Tomcat].[localhost].[/] - Initializing Spring embedded WebApplicationContext
[2025-10-24 11:31:22] INFO  o.s.b.w.s.c.ServletWebServerApplicationContext - Root WebApplicationContext: initialization completed in 2197 ms
[2025-10-24 11:31:22] INFO  com.zaxxer.hikari.HikariDataSource - HikariPool-1 - Starting...
[2025-10-24 11:31:22] INFO  com.zaxxer.hikari.pool.HikariPool - HikariPool-1 - Added connection conn0: url=jdbc:h2:mem:testdb user=SA
[2025-10-24 11:31:22] INFO  com.zaxxer.hikari.HikariDataSource - HikariPool-1 - Start completed.
[2025-10-24 11:31:22] INFO  o.s.b.a.h.H2ConsoleAutoConfiguration - H2 console available at '/h2-console'. Database available at 'jdbc:h2:mem:testdb'
[2025-10-24 11:31:22] INFO  o.h.jpa.internal.util.LogHelper - HHH000204: Processing PersistenceUnitInfo [name: default]
[2025-10-24 11:31:22] INFO  org.hibernate.Version - HHH000412: Hibernate ORM core version 6.5.2.Final
[2025-10-24 11:31:22] INFO  o.h.c.i.RegionFactoryInitiator - HHH000026: Second-level cache disabled
[2025-10-24 11:31:23] INFO  o.s.o.j.p.SpringPersistenceUnitInfo - No LoadTimeWeaver setup: ignoring JPA class transformer
[2025-10-24 11:31:24] INFO  o.h.e.t.j.p.i.JtaPlatformInitiator - HHH000489: No JTA platform available (set 'hibernate.transaction.jta.platform' to enable JTA platform integration)
[2025-10-24 11:31:24] INFO  o.s.o.j.LocalContainerEntityManagerFactoryBean - Initialized JPA EntityManagerFactory for persistence unit 'default'
[2025-10-24 11:31:24] WARN  o.s.b.a.o.j.JpaBaseConfiguration$JpaWebConfiguration - spring.jpa.open-in-view is enabled by default. Therefore, database queries may be performed during view rendering. Explicitly configure spring.jpa.open-in-view to disable this warning
[2025-10-24 11:31:25] INFO  o.a.coyote.http11.Http11NioProtocol - Starting ProtocolHandler ["http-nio-8082"]
[2025-10-24 11:31:25] INFO  o.s.b.w.e.tomcat.TomcatWebServer - Tomcat started on port 8082 (http) with context path '/'
[2025-10-24 11:31:25] INFO  c.c.CourseServiceApplication - Started CourseServiceApplication in 6.144 seconds (process running for 10.267)
[2025-10-24 11:31:43] INFO  o.a.c.c.C.[Tomcat].[localhost].[/] - Initializing Spring DispatcherServlet 'dispatcherServlet'
[2025-10-24 11:31:43] INFO  o.s.web.servlet.DispatcherServlet - Initializing Servlet 'dispatcherServlet'
[2025-10-24 11:31:43] INFO  o.s.web.servlet.DispatcherServlet - Completed initialization in 2 ms
[2025-10-24 11:31:44] INFO  o.s.api.AbstractOpenApiResource - Init duration for springdoc-openapi is: 502 ms
[2025-10-24 12:37:09] INFO  o.s.o.j.LocalContainerEntityManagerFactoryBean - Closing JPA EntityManagerFactory for persistence unit 'default'
[2025-10-24 12:37:10] INFO  com.zaxxer.hikari.HikariDataSource - HikariPool-1 - Shutdown initiated...
[2025-10-24 12:37:10] INFO  com.zaxxer.hikari.HikariDataSource - HikariPool-1 - Shutdown completed.
